# JRE version: Java(TM) SE Runtime Environment (8.0_111-b14) (build 1.8.0_111-b14)
# Java VM: Java HotSpot(TM) 64-Bit Server VM (25.111-b14 mixed mode windows-amd64 compressed oops)
Heap:
 PSYoungGen      total 47104K, used 32480K [0x00000000d6400000, 0x00000000da280000, 0x0000000100000000)
  eden space 32256K, 100% used [0x00000000d6400000,0x00000000d8380000,0x00000000d8380000)
  from space 14848K, 1% used [0x00000000d9400000,0x00000000d9438000,0x00000000da280000)
  to   space 15872K, 0% used [0x00000000d8380000,0x00000000d8380000,0x00000000d9300000)
 ParOldGen       total 86016K, used 19747K [0x0000000082c00000, 0x0000000088000000, 0x00000000d6400000)
  object space 86016K, 22% used [0x0000000082c00000,0x0000000083f48f78,0x0000000088000000)
 Metaspace       used 19553K, capacity 19812K, committed 20352K, reserved 1067008K
  class space    used 2493K, capacity 2586K, committed 2688K, reserved 1048576K
GC Heap History (10 events):
Event: 703.917 GC heap before
{Heap before GC invocations=8 (full 0):
 PSYoungGen      total 35328K, used 35324K [0x00000000d6400000, 0x00000000da800000, 0x0000000100000000)
  eden space 34816K, 100% used [0x00000000d6400000,0x00000000d8600000,0x00000000d8600000)
  from space 512K, 99% used [0x00000000d8680000,0x00000000d86ff3e8,0x00000000d8700000)
  to   space 17408K, 0% used [0x00000000d9700000,0x00000000d9700000,0x00000000da800000)
 ParOldGen       total 86016K, used 19131K [0x0000000082c00000, 0x0000000088000000, 0x00000000d6400000)
  object space 86016K, 22% used [0x0000000082c00000,0x0000000083eaef10,0x0000000088000000)
 Metaspace       used 19448K, capacity 19742K, committed 20096K, reserved 1067008K
  class space    used 2492K, capacity 2585K, committed 2688K, reserved 1048576K
Event: 703.918 GC heap after
Heap after GC invocations=8 (full 0):
 PSYoungGen      total 51200K, used 224K [0x00000000d6400000, 0x00000000da780000, 0x0000000100000000)
  eden space 34304K, 0% used [0x00000000d6400000,0x00000000d6400000,0x00000000d8580000)
  from space 16896K, 1% used [0x00000000d9700000,0x00000000d9738000,0x00000000da780000)
  to   space 17408K, 0% used [0x00000000d8580000,0x00000000d8580000,0x00000000d9680000)
 ParOldGen       total 86016K, used 19561K [0x0000000082c00000, 0x0000000088000000, 0x00000000d6400000)
  object space 86016K, 22% used [0x0000000082c00000,0x0000000083f1a588,0x0000000088000000)
 Metaspace       used 19448K, capacity 19742K, committed 20096K, reserved 1067008K
  class space    used 2492K, capacity 2585K, committed 2688K, reserved 1048576K
}
Event: 704.426 GC heap before
{Heap before GC invocations=9 (full 0):
 PSYoungGen      total 51200K, used 34528K [0x00000000d6400000, 0x00000000da780000, 0x0000000100000000)
  eden space 34304K, 100% used [0x00000000d6400000,0x00000000d8580000,0x00000000d8580000)
  from space 16896K, 1% used [0x00000000d9700000,0x00000000d9738000,0x00000000da780000)
  to   space 17408K, 0% used [0x00000000d8580000,0x00000000d8580000,0x00000000d9680000)
 ParOldGen       total 86016K, used 19563K [0x0000000082c00000, 0x0000000088000000, 0x00000000d6400000)
  object space 86016K, 22% used [0x0000000082c00000,0x0000000083f1acc0,0x0000000088000000)
 Metaspace       used 19463K, capacity 19742K, committed 20096K, reserved 1067008K
  class space    used 2492K, capacity 2585K, committed 2688K, reserved 1048576K
Event: 704.428 GC heap after
Heap after GC invocations=9 (full 0):
 PSYoungGen      total 34304K, used 192K [0x00000000d6400000, 0x00000000da700000, 0x0000000100000000)
  eden space 33792K, 0% used [0x00000000d6400000,0x00000000d6400000,0x00000000d8500000)
  from space 512K, 37% used [0x00000000d8580000,0x00000000d85b0000,0x00000000d8600000)
  to   space 17408K, 0% used [0x00000000d9600000,0x00000000d9600000,0x00000000da700000)
 ParOldGen       total 86016K, used 19595K [0x0000000082c00000, 0x0000000088000000, 0x00000000d6400000)
  object space 86016K, 22% used [0x0000000082c00000,0x0000000083f22cc0,0x0000000088000000)
 Metaspace       used 19463K, capacity 19742K, committed 20096K, reserved 1067008K
  class space    used 2492K, capacity 2585K, committed 2688K, reserved 1048576K
}
Event: 704.630 GC heap before
{Heap before GC invocations=10 (full 0):
 PSYoungGen      total 34304K, used 33984K [0x00000000d6400000, 0x00000000da700000, 0x0000000100000000)
  eden space 33792K, 100% used [0x00000000d6400000,0x00000000d8500000,0x00000000d8500000)
  from space 512K, 37% used [0x00000000d8580000,0x00000000d85b0000,0x00000000d8600000)
  to   space 17408K, 0% used [0x00000000d9600000,0x00000000d9600000,0x00000000da700000)
 ParOldGen       total 86016K, used 19631K [0x0000000082c00000, 0x0000000088000000, 0x00000000d6400000)
  object space 86016K, 22% used [0x0000000082c00000,0x0000000083f2bc40,0x0000000088000000)
 Metaspace       used 19481K, capacity 19742K, committed 20096K, reserved 1067008K
  class space    used 2492K, capacity 2585K, committed 2688K, reserved 1048576K
Event: 704.631 GC heap after
Heap after GC invocations=10 (full 0):
 PSYoungGen      total 49152K, used 224K [0x00000000d6400000, 0x00000000da580000, 0x0000000100000000)
  eden space 33280K, 0% used [0x00000000d6400000,0x00000000d6400000,0x00000000d8480000)
  from space 15872K, 1% used [0x00000000d9600000,0x00000000d9638000,0x00000000da580000)
  to   space 16896K, 0% used [0x00000000d8480000,0x00000000d8480000,0x00000000d9500000)
 ParOldGen       total 86016K, used 19647K [0x0000000082c00000, 0x0000000088000000, 0x00000000d6400000)
  object space 86016K, 22% used [0x0000000082c00000,0x0000000083f2fc40,0x0000000088000000)
 Metaspace       used 19481K, capacity 19742K, committed 20096K, reserved 1067008K
  class space    used 2492K, capacity 2585K, committed 2688K, reserved 1048576K
}
Event: 704.846 GC heap before
{Heap before GC invocations=11 (full 0):
 PSYoungGen      total 49152K, used 33504K [0x00000000d6400000, 0x00000000da580000, 0x0000000100000000)
  eden space 33280K, 100% used [0x00000000d6400000,0x00000000d8480000,0x00000000d8480000)
  from space 15872K, 1% used [0x00000000d9600000,0x00000000d9638000,0x00000000da580000)
  to   space 16896K, 0% used [0x00000000d8480000,0x00000000d8480000,0x00000000d9500000)
 ParOldGen       total 86016K, used 19651K [0x0000000082c00000, 0x0000000088000000, 0x00000000d6400000)
  object space 86016K, 22% used [0x0000000082c00000,0x0000000083f30f78,0x0000000088000000)
 Metaspace       used 19517K, capacity 19812K, committed 20352K, reserved 1067008K
  class space    used 2493K, capacity 2586K, committed 2688K, reserved 1048576K
Event: 704.846 GC heap after
Heap after GC invocations=11 (full 0):
 PSYoungGen      total 33280K, used 256K [0x00000000d6400000, 0x00000000da400000, 0x0000000100000000)
  eden space 32768K, 0% used [0x00000000d6400000,0x00000000d6400000,0x00000000d8400000)
  from space 512K, 50% used [0x00000000d8480000,0x00000000d84c0000,0x00000000d8500000)
  to   space 16384K, 0% used [0x00000000d9400000,0x00000000d9400000,0x00000000da400000)
 ParOldGen       total 86016K, used 19699K [0x0000000082c00000, 0x0000000088000000, 0x00000000d6400000)
  object space 86016K, 22% used [0x0000000082c00000,0x0000000083f3cf78,0x0000000088000000)
 Metaspace       used 19517K, capacity 19812K, committed 20352K, reserved 1067008K
  class space    used 2493K, capacity 2586K, committed 2688K, reserved 1048576K
}
Event: 705.019 GC heap before
{Heap before GC invocations=12 (full 0):
 PSYoungGen      total 33280K, used 33024K [0x00000000d6400000, 0x00000000da400000, 0x0000000100000000)
  eden space 32768K, 100% used [0x00000000d6400000,0x00000000d8400000,0x00000000d8400000)
  from space 512K, 50% used [0x00000000d8480000,0x00000000d84c0000,0x00000000d8500000)
  to   space 16384K, 0% used [0x00000000d9400000,0x00000000d9400000,0x00000000da400000)
 ParOldGen       total 86016K, used 19699K [0x0000000082c00000, 0x0000000088000000, 0x00000000d6400000)
  object space 86016K, 22% used [0x0000000082c00000,0x0000000083f3cf78,0x0000000088000000)
 Metaspace       used 19536K, capacity 19812K, committed 20352K, reserved 1067008K
  class space    used 2493K, capacity 2586K, committed 2688K, reserved 1048576K
Event: 705.020 GC heap after
Heap after GC invocations=12 (full 0):
 PSYoungGen      total 47104K, used 224K [0x00000000d6400000, 0x00000000da280000, 0x0000000100000000)
  eden space 32256K, 0% used [0x00000000d6400000,0x00000000d6400000,0x00000000d8380000)
  from space 14848K, 1% used [0x00000000d9400000,0x00000000d9438000,0x00000000da280000)
  to   space 15872K, 0% used [0x00000000d8380000,0x00000000d8380000,0x00000000d9300000)
 ParOldGen       total 86016K, used 19747K [0x0000000082c00000, 0x0000000088000000, 0x00000000d6400000)
  object space 86016K, 22% used [0x0000000082c00000,0x0000000083f48f78,0x0000000088000000)
 Metaspace       used 19536K, capacity 19812K, committed 20352K, reserved 1067008K
  class space    used 2493K, capacity 2586K, committed 2688K, reserved 1048576K
}

